# JRE version: OpenJDK Runtime Environment (8.0_152-b06) (build 1.8.0_152-release-1136-b06)
# Java VM: OpenJDK 64-Bit Server VM (25.152-b06 mixed mode windows-amd64 compressed oops)
Heap:
 PSYoungGen      total 261632K, used 33859K [0x00000000e0000000, 0x00000000f1800000, 0x0000000100000000)
  eden space 244224K, 12% used [0x00000000e0000000,0x00000000e1eecf88,0x00000000eee80000)
  from space 17408K, 12% used [0x00000000f0000000,0x00000000f0223d48,0x00000000f1100000)
  to   space 17920K, 0% used [0x00000000eee80000,0x00000000eee80000,0x00000000f0000000)
 ParOldGen       total 91136K, used 46948K [0x00000000a0000000, 0x00000000a5900000, 0x00000000e0000000)
  object space 91136K, 51% used [0x00000000a0000000,0x00000000a2dd9168,0x00000000a5900000)
 Metaspace       used 66580K, capacity 69120K, committed 69376K, reserved 1110016K
  class space    used 8934K, capacity 9441K, committed 9472K, reserved 1048576K
GC Heap History (10 events):
Event: 30.141 GC heap before
{Heap before GC invocations=19 (full 3):
 PSYoungGen      total 152064K, used 137728K [0x00000000e0000000, 0x00000000ec880000, 0x0000000100000000)
  eden space 137728K, 100% used [0x00000000e0000000,0x00000000e8680000,0x00000000e8680000)
  from space 14336K, 0% used [0x00000000e8680000,0x00000000e8680000,0x00000000e9480000)
  to   space 14848K, 0% used [0x00000000eba00000,0x00000000eba00000,0x00000000ec880000)
 ParOldGen       total 91136K, used 39319K [0x00000000a0000000, 0x00000000a5900000, 0x00000000e0000000)
  object space 91136K, 43% used [0x00000000a0000000,0x00000000a2665d60,0x00000000a5900000)
 Metaspace       used 61394K, capacity 63308K, committed 63616K, reserved 1103872K
  class space    used 8298K, capacity 8761K, committed 8832K, reserved 1048576K
Event: 30.158 GC heap after
Heap after GC invocations=19 (full 3):
 PSYoungGen      total 176640K, used 10607K [0x00000000e0000000, 0x00000000ec480000, 0x0000000100000000)
  eden space 165888K, 0% used [0x00000000e0000000,0x00000000e0000000,0x00000000ea200000)
  from space 10752K, 98% used [0x00000000eba00000,0x00000000ec45bc58,0x00000000ec480000)
  to   space 15360K, 0% used [0x00000000ea680000,0x00000000ea680000,0x00000000eb580000)
 ParOldGen       total 91136K, used 39327K [0x00000000a0000000, 0x00000000a5900000, 0x00000000e0000000)
  object space 91136K, 43% used [0x00000000a0000000,0x00000000a2667d60,0x00000000a5900000)
 Metaspace       used 61394K, capacity 63308K, committed 63616K, reserved 1103872K
  class space    used 8298K, capacity 8761K, committed 8832K, reserved 1048576K
}
Event: 36.523 GC heap before
{Heap before GC invocations=20 (full 3):
 PSYoungGen      total 176640K, used 176495K [0x00000000e0000000, 0x00000000ec480000, 0x0000000100000000)
  eden space 165888K, 100% used [0x00000000e0000000,0x00000000ea200000,0x00000000ea200000)
  from space 10752K, 98% used [0x00000000eba00000,0x00000000ec45bc58,0x00000000ec480000)
  to   space 15360K, 0% used [0x00000000ea680000,0x00000000ea680000,0x00000000eb580000)
 ParOldGen       total 91136K, used 39327K [0x00000000a0000000, 0x00000000a5900000, 0x00000000e0000000)
  object space 91136K, 43% used [0x00000000a0000000,0x00000000a2667d60,0x00000000a5900000)
 Metaspace       used 62509K, capacity 64684K, committed 64768K, reserved 1105920K
  class space    used 8437K, capacity 8909K, committed 8960K, reserved 1048576K
Event: 36.546 GC heap after
Heap after GC invocations=20 (full 3):
 PSYoungGen      total 185856K, used 10429K [0x00000000e0000000, 0x00000000ed500000, 0x0000000100000000)
  eden space 170496K, 0% used [0x00000000e0000000,0x00000000e0000000,0x00000000ea680000)
  from space 15360K, 67% used [0x00000000ea680000,0x00000000eb0af690,0x00000000eb580000)
  to   space 15872K, 0% used [0x00000000ec580000,0x00000000ec580000,0x00000000ed500000)
 ParOldGen       total 91136K, used 39335K [0x00000000a0000000, 0x00000000a5900000, 0x00000000e0000000)
  object space 91136K, 43% used [0x00000000a0000000,0x00000000a2669d60,0x00000000a5900000)
 Metaspace       used 62509K, capacity 64684K, committed 64768K, reserved 1105920K
  class space    used 8437K, capacity 8909K, committed 8960K, reserved 1048576K
}
Event: 50.776 GC heap before
{Heap before GC invocations=21 (full 3):
 PSYoungGen      total 185856K, used 180041K [0x00000000e0000000, 0x00000000ed500000, 0x0000000100000000)
  eden space 170496K, 99% used [0x00000000e0000000,0x00000000ea5a2f40,0x00000000ea680000)
  from space 15360K, 67% used [0x00000000ea680000,0x00000000eb0af690,0x00000000eb580000)
  to   space 15872K, 0% used [0x00000000ec580000,0x00000000ec580000,0x00000000ed500000)
 ParOldGen       total 91136K, used 39335K [0x00000000a0000000, 0x00000000a5900000, 0x00000000e0000000)
  object space 91136K, 43% used [0x00000000a0000000,0x00000000a2669d60,0x00000000a5900000)
 Metaspace       used 64065K, capacity 66454K, committed 66560K, reserved 1105920K
  class space    used 8655K, capacity 9172K, committed 9216K, reserved 1048576K
Event: 50.798 GC heap after
Heap after GC invocations=21 (full 3):
 PSYoungGen      total 200704K, used 14750K [0x00000000e0000000, 0x00000000eda80000, 0x0000000100000000)
  eden space 184832K, 0% used [0x00000000e0000000,0x00000000e0000000,0x00000000eb480000)
  from space 15872K, 92% used [0x00000000ec580000,0x00000000ed3e7a30,0x00000000ed500000)
  to   space 17408K, 0% used [0x00000000eb480000,0x00000000eb480000,0x00000000ec580000)
 ParOldGen       total 91136K, used 39343K [0x00000000a0000000, 0x00000000a5900000, 0x00000000e0000000)
  object space 91136K, 43% used [0x00000000a0000000,0x00000000a266bd60,0x00000000a5900000)
 Metaspace       used 64065K, capacity 66454K, committed 66560K, reserved 1105920K
  class space    used 8655K, capacity 9172K, committed 9216K, reserved 1048576K
}
Event: 50.840 GC heap before
{Heap before GC invocations=22 (full 3):
 PSYoungGen      total 200704K, used 199380K [0x00000000e0000000, 0x00000000eda80000, 0x0000000100000000)
  eden space 184832K, 99% used [0x00000000e0000000,0x00000000eb44d7a8,0x00000000eb480000)
  from space 15872K, 92% used [0x00000000ec580000,0x00000000ed3e7a30,0x00000000ed500000)
  to   space 17408K, 0% used [0x00000000eb480000,0x00000000eb480000,0x00000000ec580000)
 ParOldGen       total 91136K, used 39343K [0x00000000a0000000, 0x00000000a5900000, 0x00000000e0000000)
  object space 91136K, 43% used [0x00000000a0000000,0x00000000a266bd60,0x00000000a5900000)
 Metaspace       used 64072K, capacity 66454K, committed 66560K, reserved 1105920K
  class space    used 8655K, capacity 9172K, committed 9216K, reserved 1048576K
Event: 50.852 GC heap after
Heap after GC invocations=22 (full 3):
 PSYoungGen      total 202240K, used 10273K [0x00000000e0000000, 0x00000000f1100000, 0x0000000100000000)
  eden space 184832K, 0% used [0x00000000e0000000,0x00000000e0000000,0x00000000eb480000)
  from space 17408K, 59% used [0x00000000eb480000,0x00000000ebe88520,0x00000000ec580000)
  to   space 17408K, 0% used [0x00000000f0000000,0x00000000f0000000,0x00000000f1100000)
 ParOldGen       total 91136K, used 39351K [0x00000000a0000000, 0x00000000a5900000, 0x00000000e0000000)
  object space 91136K, 43% used [0x00000000a0000000,0x00000000a266dd60,0x00000000a5900000)
 Metaspace       used 64072K, capacity 66454K, committed 66560K, reserved 1105920K
  class space    used 8655K, capacity 9172K, committed 9216K, reserved 1048576K
}
Event: 50.897 GC heap before
{Heap before GC invocations=23 (full 3):
 PSYoungGen      total 202240K, used 195105K [0x00000000e0000000, 0x00000000f1100000, 0x0000000100000000)
  eden space 184832K, 100% used [0x00000000e0000000,0x00000000eb480000,0x00000000eb480000)
  from space 17408K, 59% used [0x00000000eb480000,0x00000000ebe88520,0x00000000ec580000)
  to   space 17408K, 0% used [0x00000000f0000000,0x00000000f0000000,0x00000000f1100000)
 ParOldGen       total 91136K, used 39351K [0x00000000a0000000, 0x00000000a5900000, 0x00000000e0000000)
  object space 91136K, 43% used [0x00000000a0000000,0x00000000a266dd60,0x00000000a5900000)
 Metaspace       used 64138K, capacity 66460K, committed 66560K, reserved 1105920K
  class space    used 8662K, capacity 9173K, committed 9216K, reserved 1048576K
Event: 50.913 GC heap after
Heap after GC invocations=23 (full 3):
 PSYoungGen      total 261632K, used 2191K [0x00000000e0000000, 0x00000000f1800000, 0x0000000100000000)
  eden space 244224K, 0% used [0x00000000e0000000,0x00000000e0000000,0x00000000eee80000)
  from space 17408K, 12% used [0x00000000f0000000,0x00000000f0223d48,0x00000000f1100000)
  to   space 17920K, 0% used [0x00000000eee80000,0x00000000eee80000,0x00000000f0000000)
 ParOldGen       total 91136K, used 46948K [0x00000000a0000000, 0x00000000a5900000, 0x00000000e0000000)
  object space 91136K, 51% used [0x00000000a0000000,0x00000000a2dd9168,0x00000000a5900000)
 Metaspace       used 64138K, capacity 66460K, committed 66560K, reserved 1105920K
  class space    used 8662K, capacity 9173K, committed 9216K, reserved 1048576K
}

