# JRE version: OpenJDK Runtime Environment (8.0_152-b06) (build 1.8.0_152-release-1136-b06)
# Java VM: OpenJDK 64-Bit Server VM (25.152-b06 mixed mode windows-amd64 compressed oops)
Heap:
 PSYoungGen      total 207360K, used 64824K [0x00000000e0000000, 0x00000000ef600000, 0x0000000100000000)
  eden space 185344K, 23% used [0x00000000e0000000,0x00000000e29d50d8,0x00000000eb500000)
  from space 22016K, 99% used [0x00000000ed580000,0x00000000eeaf9060,0x00000000eeb00000)
  to   space 33280K, 0% used [0x00000000eb500000,0x00000000eb500000,0x00000000ed580000)
 ParOldGen       total 97280K, used 74558K [0x00000000a0000000, 0x00000000a5f00000, 0x00000000e0000000)
  object space 97280K, 76% used [0x00000000a0000000,0x00000000a48cfbe8,0x00000000a5f00000)
 Metaspace       used 88324K, capacity 91982K, committed 92120K, reserved 1130496K
  class space    used 11135K, capacity 11959K, committed 12032K, reserved 1048576K
GC Heap History (10 events):
Event: 483.462 GC heap before
{Heap before GC invocations=21 (full 3):
 PSYoungGen      total 225792K, used 211792K [0x00000000e0000000, 0x00000000f0300000, 0x0000000100000000)
  eden space 201728K, 100% used [0x00000000e0000000,0x00000000ec500000,0x00000000ec500000)
  from space 24064K, 41% used [0x00000000ec500000,0x00000000eced41a8,0x00000000edc80000)
  to   space 22528K, 0% used [0x00000000eed00000,0x00000000eed00000,0x00000000f0300000)
 ParOldGen       total 97280K, used 58063K [0x00000000a0000000, 0x00000000a5f00000, 0x00000000e0000000)
  object space 97280K, 59% used [0x00000000a0000000,0x00000000a38b3f30,0x00000000a5f00000)
 Metaspace       used 73123K, capacity 75802K, committed 76120K, reserved 1116160K
  class space    used 9352K, capacity 9995K, committed 10112K, reserved 1048576K
Event: 483.492 GC heap after
Heap after GC invocations=21 (full 3):
 PSYoungGen      total 239104K, used 17751K [0x00000000e0000000, 0x00000000f0380000, 0x0000000100000000)
  eden space 216576K, 0% used [0x00000000e0000000,0x00000000e0000000,0x00000000ed380000)
  from space 22528K, 78% used [0x00000000eed00000,0x00000000efe55c28,0x00000000f0300000)
  to   space 24576K, 0% used [0x00000000ed380000,0x00000000ed380000,0x00000000eeb80000)
 ParOldGen       total 97280K, used 58071K [0x00000000a0000000, 0x00000000a5f00000, 0x00000000e0000000)
  object space 97280K, 59% used [0x00000000a0000000,0x00000000a38b5f30,0x00000000a5f00000)
 Metaspace       used 73123K, capacity 75802K, committed 76120K, reserved 1116160K
  class space    used 9352K, capacity 9995K, committed 10112K, reserved 1048576K
}
Event: 2019.305 GC heap before
{Heap before GC invocations=22 (full 3):
 PSYoungGen      total 239104K, used 234327K [0x00000000e0000000, 0x00000000f0380000, 0x0000000100000000)
  eden space 216576K, 100% used [0x00000000e0000000,0x00000000ed380000,0x00000000ed380000)
  from space 22528K, 78% used [0x00000000eed00000,0x00000000efe55c28,0x00000000f0300000)
  to   space 24576K, 0% used [0x00000000ed380000,0x00000000ed380000,0x00000000eeb80000)
 ParOldGen       total 97280K, used 58071K [0x00000000a0000000, 0x00000000a5f00000, 0x00000000e0000000)
  object space 97280K, 59% used [0x00000000a0000000,0x00000000a38b5f30,0x00000000a5f00000)
 Metaspace       used 73732K, capacity 76510K, committed 76632K, reserved 1116160K
  class space    used 9391K, capacity 10083K, committed 10112K, reserved 1048576K
Event: 2019.462 GC heap after
Heap after GC invocations=22 (full 3):
 PSYoungGen      total 217600K, used 8710K [0x00000000e0000000, 0x00000000ef980000, 0x0000000100000000)
  eden space 208384K, 0% used [0x00000000e0000000,0x00000000e0000000,0x00000000ecb80000)
  from space 9216K, 94% used [0x00000000ed380000,0x00000000edc01ac8,0x00000000edc80000)
  to   space 23552K, 0% used [0x00000000ee280000,0x00000000ee280000,0x00000000ef980000)
 ParOldGen       total 97280K, used 58079K [0x00000000a0000000, 0x00000000a5f00000, 0x00000000e0000000)
  object space 97280K, 59% used [0x00000000a0000000,0x00000000a38b7f30,0x00000000a5f00000)
 Metaspace       used 73732K, capacity 76510K, committed 76632K, reserved 1116160K
  class space    used 9391K, capacity 10083K, committed 10112K, reserved 1048576K
}
Event: 2029.905 GC heap before
{Heap before GC invocations=23 (full 3):
 PSYoungGen      total 217600K, used 217094K [0x00000000e0000000, 0x00000000ef980000, 0x0000000100000000)
  eden space 208384K, 100% used [0x00000000e0000000,0x00000000ecb80000,0x00000000ecb80000)
  from space 9216K, 94% used [0x00000000ed380000,0x00000000edc01ac8,0x00000000edc80000)
  to   space 23552K, 0% used [0x00000000ee280000,0x00000000ee280000,0x00000000ef980000)
 ParOldGen       total 97280K, used 58079K [0x00000000a0000000, 0x00000000a5f00000, 0x00000000e0000000)
  object space 97280K, 59% used [0x00000000a0000000,0x00000000a38b7f30,0x00000000a5f00000)
 Metaspace       used 74929K, capacity 77850K, committed 77912K, reserved 1116160K
  class space    used 9569K, capacity 10317K, committed 10368K, reserved 1048576K
Event: 2029.925 GC heap after
Heap after GC invocations=23 (full 3):
 PSYoungGen      total 213504K, used 7968K [0x00000000e0000000, 0x00000000eef80000, 0x0000000100000000)
  eden space 200192K, 0% used [0x00000000e0000000,0x00000000e0000000,0x00000000ec380000)
  from space 13312K, 59% used [0x00000000ee280000,0x00000000eea480c0,0x00000000eef80000)
  to   space 22528K, 0% used [0x00000000ec380000,0x00000000ec380000,0x00000000ed980000)
 ParOldGen       total 97280K, used 58087K [0x00000000a0000000, 0x00000000a5f00000, 0x00000000e0000000)
  object space 97280K, 59% used [0x00000000a0000000,0x00000000a38b9f30,0x00000000a5f00000)
 Metaspace       used 74929K, capacity 77850K, committed 77912K, reserved 1116160K
  class space    used 9569K, capacity 10317K, committed 10368K, reserved 1048576K
}
Event: 2046.287 GC heap before
{Heap before GC invocations=24 (full 3):
 PSYoungGen      total 213504K, used 208160K [0x00000000e0000000, 0x00000000eef80000, 0x0000000100000000)
  eden space 200192K, 100% used [0x00000000e0000000,0x00000000ec380000,0x00000000ec380000)
  from space 13312K, 59% used [0x00000000ee280000,0x00000000eea480c0,0x00000000eef80000)
  to   space 22528K, 0% used [0x00000000ec380000,0x00000000ec380000,0x00000000ed980000)
 ParOldGen       total 97280K, used 58087K [0x00000000a0000000, 0x00000000a5f00000, 0x00000000e0000000)
  object space 97280K, 59% used [0x00000000a0000000,0x00000000a38b9f30,0x00000000a5f00000)
 Metaspace       used 79445K, capacity 82298K, committed 82392K, reserved 1120256K
  class space    used 10011K, capacity 10733K, committed 10752K, reserved 1048576K
Event: 2046.320 GC heap after
Heap after GC invocations=24 (full 3):
 PSYoungGen      total 210944K, used 18242K [0x00000000e0000000, 0x00000000eeb00000, 0x0000000100000000)
  eden space 192512K, 0% used [0x00000000e0000000,0x00000000e0000000,0x00000000ebc00000)
  from space 18432K, 98% used [0x00000000ec380000,0x00000000ed550b78,0x00000000ed580000)
  to   space 22016K, 0% used [0x00000000ed580000,0x00000000ed580000,0x00000000eeb00000)
 ParOldGen       total 97280K, used 58103K [0x00000000a0000000, 0x00000000a5f00000, 0x00000000e0000000)
  object space 97280K, 59% used [0x00000000a0000000,0x00000000a38bdf30,0x00000000a5f00000)
 Metaspace       used 79445K, capacity 82298K, committed 82392K, reserved 1120256K
  class space    used 10011K, capacity 10733K, committed 10752K, reserved 1048576K
}
Event: 2050.990 GC heap before
{Heap before GC invocations=25 (full 3):
 PSYoungGen      total 210944K, used 210754K [0x00000000e0000000, 0x00000000eeb00000, 0x0000000100000000)
  eden space 192512K, 100% used [0x00000000e0000000,0x00000000ebc00000,0x00000000ebc00000)
  from space 18432K, 98% used [0x00000000ec380000,0x00000000ed550b78,0x00000000ed580000)
  to   space 22016K, 0% used [0x00000000ed580000,0x00000000ed580000,0x00000000eeb00000)
 ParOldGen       total 97280K, used 58103K [0x00000000a0000000, 0x00000000a5f00000, 0x00000000e0000000)
  object space 97280K, 59% used [0x00000000a0000000,0x00000000a38bdf30,0x00000000a5f00000)
 Metaspace       used 87158K, capacity 90808K, committed 90968K, reserved 1128448K
  class space    used 10958K, capacity 11780K, committed 11904K, reserved 1048576K
Event: 2051.052 GC heap after
Heap after GC invocations=25 (full 3):
 PSYoungGen      total 207360K, used 21988K [0x00000000e0000000, 0x00000000ef600000, 0x0000000100000000)
  eden space 185344K, 0% used [0x00000000e0000000,0x00000000e0000000,0x00000000eb500000)
  from space 22016K, 99% used [0x00000000ed580000,0x00000000eeaf9060,0x00000000eeb00000)
  to   space 33280K, 0% used [0x00000000eb500000,0x00000000eb500000,0x00000000ed580000)
 ParOldGen       total 97280K, used 74558K [0x00000000a0000000, 0x00000000a5f00000, 0x00000000e0000000)
  object space 97280K, 76% used [0x00000000a0000000,0x00000000a48cfbe8,0x00000000a5f00000)
 Metaspace       used 87158K, capacity 90808K, committed 90968K, reserved 1128448K
  class space    used 10958K, capacity 11780K, committed 11904K, reserved 1048576K
}

